SF:lib/core/usecases/use_case.dart
DA:10,1
DA:11,1
DA:17,2
DA:19,2
DA:20,4
DA:22,4
LF:6
LH:6
end_of_record
SF:lib/features/sat_agro/domain/entities/field.dart
DA:11,5
DA:19,1
DA:20,1
DA:22,0
DA:23,0
LF:5
LH:3
end_of_record
SF:lib/features/sat_agro/domain/usecases/get_field.dart
DA:10,1
DA:12,1
DA:14,3
LF:3
LH:3
end_of_record
SF:lib/core/error/failure.dart
DA:4,2
DA:6,1
DA:7,1
LF:3
LH:3
end_of_record
SF:lib/core/network/network_info.dart
DA:11,1
DA:13,1
DA:14,2
LF:3
LH:3
end_of_record
SF:lib/features/sat_agro/data/data_sources/field_local_data_source.dart
DA:24,1
DA:26,1
DA:28,2
DA:29,2
DA:32,1
DA:34,2
DA:36,3
DA:38,1
LF:8
LH:8
end_of_record
SF:lib/features/sat_agro/data/data_sources/field_remote_data_source.dart
DA:12,0
DA:14,0
DA:17,0
DA:18,0
LF:4
LH:0
end_of_record
SF:lib/features/sat_agro/data/data_transfer_objects/field_DTO.dart
DA:23,4
DA:35,4
DA:40,6
DA:42,4
LF:4
LH:4
end_of_record
SF:lib/features/sat_agro/data/data_transfer_objects/field_DTO.g.dart
DA:9,6
DA:10,3
DA:11,3
DA:12,3
DA:13,3
DA:14,3
DA:15,3
DA:16,9
DA:17,3
DA:18,6
DA:19,3
DA:20,6
DA:21,6
DA:22,3
DA:25,2
DA:26,2
DA:28,2
DA:30,2
DA:34,4
DA:35,4
DA:36,4
DA:37,4
DA:38,4
DA:39,4
DA:40,4
DA:41,4
DA:42,4
DA:43,4
DA:44,4
LF:29
LH:29
end_of_record
SF:lib/features/sat_agro/data/repositories/field_repository_impl.dart
DA:16,1
DA:22,1
DA:24,2
DA:25,2
DA:30,1
DA:32,2
DA:34,1
DA:35,2
DA:36,1
DA:37,1
DA:38,2
DA:42,2
DA:43,1
DA:44,1
DA:45,2
LF:15
LH:15
end_of_record
SF:lib/features/sat_agro/data/data_transfer_objects/crop_DTO.dart
DA:14,3
DA:21,6
DA:22,2
LF:3
LH:3
end_of_record
SF:lib/features/sat_agro/data/data_transfer_objects/crop_DTO.g.dart
DA:9,6
DA:10,3
DA:11,3
DA:12,3
DA:13,6
DA:14,6
DA:17,1
DA:18,1
DA:20,1
DA:22,1
DA:26,2
DA:27,2
DA:28,2
DA:29,2
DA:30,2
LF:15
LH:15
end_of_record
SF:lib/features/sat_agro/data/data_transfer_objects/crop_history_DTO.dart
DA:18,3
DA:28,6
DA:29,2
LF:3
LH:3
end_of_record
SF:lib/features/sat_agro/data/data_transfer_objects/crop_history_DTO.g.dart
DA:9,3
DA:10,3
DA:11,3
DA:12,3
DA:14,6
DA:15,3
DA:16,3
DA:17,3
DA:18,6
DA:19,3
DA:22,1
DA:23,1
DA:25,1
DA:27,1
DA:31,2
DA:32,2
DA:33,2
DA:34,2
DA:35,2
DA:36,2
DA:37,2
LF:21
LH:21
end_of_record
SF:lib/main.dart
DA:3,0
DA:4,0
DA:8,2
DA:11,1
DA:13,1
DA:15,1
DA:33,1
DA:46,1
DA:47,1
DA:53,1
DA:54,2
DA:60,2
DA:64,1
DA:72,1
DA:73,1
DA:76,3
DA:78,1
DA:81,1
DA:97,1
DA:101,1
DA:102,2
DA:103,3
DA:108,1
DA:109,1
LF:24
LH:22
end_of_record
